#
# A fatal error has been detected by the Java Runtime Environment:
#
#  SIGSEGV (0xb) at pc=0x00007f2a36704564, pid=18559, tid=139818726696704
#
# JRE version: Java(TM) SE Runtime Environment (8.0_77-b03) (build 1.8.0_77-b03)
# Java VM: Java HotSpot(TM) 64-Bit Server VM (25.77-b03 mixed mode linux-amd64 compressed oops)
# Problematic frame:
# V  [libjvm.so+0x8a6564]  Method::checked_resolve_jmethod_id(_jmethodID*)+0x34
#
# Failed to write core dump. Core dumps have been disabled. To enable core dumping, try "ulimit -c unlimited" before starting Java again
#
# If you would like to submit a bug report, please visit:
#   http://bugreport.java.com/bugreport/crash.jsp
#

---------------  T H R E A D  ---------------

Current thread (0x00007f2a300c6000):  JavaThread "JDWP Transport Listener: dt_socket" daemon [_thread_in_vm, id=18570, stack(0x00007f2a1579a000,0x00007f2a1589b000)]

siginfo: si_signo: 11 (SIGSEGV), si_code: 1 (SEGV_MAPERR), si_addr: 0x0000000000000010

Registers:
RAX=0x0000000000000000, RBX=0x00007f29f4013d20, RCX=0x00007f2a3783a2c0, RDX=0x00007f2a36e13640
RSP=0x00007f2a158996d0, RBP=0x00007f2a158996e0, RSI=0x00007f2a300c6000, RDI=0x00007f29f4013d20
R8 =0x00007f29f40075c0, R9 =0x0000000000000000, R10=0x0000000000000010, R11=0x00007f2a36fc5cc8
R12=0x0000000000000017, R13=0x00007f29f4000078, R14=0x00007f2a300c6000, R15=0x00007f2a158997e7
RIP=0x00007f2a36704564, EFLAGS=0x0000000000010212, CSGSFS=0x0000000000000033, ERR=0x0000000000000004
  TRAPNO=0x000000000000000e

Top of Stack: (sp=0x00007f2a158996d0)
0x00007f2a158996d0:   0000000000000074 00007f2a30003ef0
0x00007f2a158996e0:   00007f2a15899750 00007f2a36594cae
0x00007f2a158996f0:   00007f2a15899710 00007f2a15899700
0x00007f2a15899700:   00007f2a300c6000 0000000000000000
0x00007f2a15899710:   00007f2a00000000 0000000000000000
0x00007f2a15899720:   00007f2a15899740 00007f2a35511e40
0x00007f2a15899730:   00007f29f4000078 00007f2a158997e7
0x00007f2a15899740:   0000000000000007 00007f2a158997e7
0x00007f2a15899750:   00007f2a15899780 00007f2a352fd8c2
0x00007f2a15899760:   00007f2a15899780 00007f29f4000078
0x00007f2a15899770:   00007f2a15899850 0000000000000038
0x00007f2a15899780:   00007f2a15899810 00007f2a352deaa0
0x00007f2a15899790:   00007f2a158997c8 00007f2a158997c0
0x00007f2a158997a0:   00007f2a158997b8 00007f2a158997dc
0x00007f2a158997b0:   00000001f4008410 0000000000000000
0x00007f2a158997c0:   0000000000000000 0000000000000000
0x00007f2a158997d0:   00007f29f4006100 0000000115899850
0x00007f2a158997e0:   0000000000000008 0000000000000002
0x00007f2a158997f0:   000000000000000f 0000000000000002
0x00007f2a15899800:   00000000000f0200 000000000000000f
0x00007f2a15899810:   00007f2a15899a60 00007f2a352e99c6
0x00007f2a15899820:   00009b8600000013 00007f2a360f0200
0x00007f2a15899830:   00007f29ec000fb0 00007f2a36774faa
0x00007f2a15899840:   00007f2a15899850 00007f2a158999e0
0x00007f2a15899850:   00007f2a158999a5 00007f2a00000027
0x00007f2a15899860:   00007f2a15899868 00007f2a00000105
0x00007f2a15899870:   00007f2a158998a0 0000000000000000
0x00007f2a15899880:   0000000000000000 00009b860000000f
0x00007f2a15899890:   00007f2a00006080 00007f2a158998a0
0x00007f2a158998a0:   297f000008000000 0300000070e700f4
0x00007f2a158998b0:   2805000000646367 0000000049294949
0x00007f2a158998c0:   297f000008000000 0600000098e700f4 

Instructions: (pc=0x00007f2a36704564)
0x00007f2a36704544:   83 c4 08 5b c9 c3 66 0f 1f 44 00 00 48 8b 1f 48
0x00007f2a36704554:   85 db 74 e6 48 83 fb 37 74 e0 48 8b 03 48 89 df
0x00007f2a36704564:   ff 50 10 84 c0 0f 1f 80 00 00 00 00 75 ce 66 0f
0x00007f2a36704574:   1f 44 00 00 eb c4 66 0f 1f 44 00 00 55 48 89 e5 

Register to memory mapping:

RAX=0x0000000000000000 is an unknown value
RBX=0x00007f29f4013d20 is an unknown value
RCX=0x00007f2a3783a2c0: <offset 0x2182c0> in /lib/x86_64-linux-gnu/libpthread.so.0 at 0x00007f2a37622000
RDX=0x00007f2a36e13640: <offset 0xfb5640> in /opt/jdk1.8.0_77/jre/lib/amd64/server/libjvm.so at 0x00007f2a35e5e000
RSP=0x00007f2a158996d0 is pointing into the stack for thread: 0x00007f2a300c6000
RBP=0x00007f2a158996e0 is pointing into the stack for thread: 0x00007f2a300c6000
RSI=0x00007f2a300c6000 is a thread
RDI=0x00007f29f4013d20 is an unknown value
R8 =0x00007f29f40075c0 is an unknown value
R9 =0x0000000000000000 is an unknown value
R10=0x0000000000000010 is an unknown value
R11=0x00007f2a36fc5cc8: <offset 0x187cc8> in /lib/x86_64-linux-gnu/libc.so.6 at 0x00007f2a36e3e000
R12=0x0000000000000017 is an unknown value
R13=0x00007f29f4000078 is an unknown value
R14=0x00007f2a300c6000 is a thread
R15=0x00007f2a158997e7 is pointing into the stack for thread: 0x00007f2a300c6000


Stack: [0x00007f2a1579a000,0x00007f2a1589b000],  sp=0x00007f2a158996d0,  free space=1021k
Native frames: (J=compiled Java code, j=interpreted, Vv=VM code, C=native code)
V  [libjvm.so+0x8a6564]  Method::checked_resolve_jmethod_id(_jmethodID*)+0x34
V  [libjvm.so+0x736cae]  jvmti_IsMethodSynthetic+0x2be
C  [libjdwp.so+0x258c2]  isMethodSynthetic+0x42
C  [libjdwp.so+0x6aa0]  methods1+0x1b0
C  [libjdwp.so+0x119c6]  debugLoop_run+0x2b6
C  [libjdwp.so+0x247ff]  attachThread+0x2f
V  [libjvm.so+0x7a3432]  JvmtiAgentThread::call_start_function()+0xc2
V  [libjvm.so+0xa69dcf]  JavaThread::thread_main_inner()+0xdf
V  [libjvm.so+0xa69efc]  JavaThread::run()+0x11c
V  [libjvm.so+0x91d9d8]  java_start(Thread*)+0x108
C  [libpthread.so.0+0x76ba]  start_thread+0xca


---------------  P R O C E S S  ---------------

Java Threads: ( => current thread )
  0x00007f2a300dc000 JavaThread "Service Thread" daemon [_thread_blocked, id=18577, stack(0x00007f2a15194000,0x00007f2a15295000)]
  0x00007f2a300d0800 JavaThread "C1 CompilerThread2" daemon [_thread_blocked, id=18576, stack(0x00007f2a15295000,0x00007f2a15396000)]
  0x00007f2a300ce800 JavaThread "C2 CompilerThread1" daemon [_thread_blocked, id=18575, stack(0x00007f2a15396000,0x00007f2a15497000)]
  0x00007f2a300cb800 JavaThread "C2 CompilerThread0" daemon [_thread_blocked, id=18574, stack(0x00007f2a15497000,0x00007f2a15598000)]
  0x00007f29f4001000 JavaThread "JDWP Command Reader" daemon [_thread_in_native, id=18573, stack(0x00007f2a15598000,0x00007f2a15699000)]
  0x00007f2a300c9800 JavaThread "JDWP Event Helper Thread" daemon [_thread_blocked, id=18572, stack(0x00007f2a15699000,0x00007f2a1579a000)]
=>0x00007f2a300c6000 JavaThread "JDWP Transport Listener: dt_socket" daemon [_thread_in_vm, id=18570, stack(0x00007f2a1579a000,0x00007f2a1589b000)]
  0x00007f2a300b9800 JavaThread "Signal Dispatcher" daemon [_thread_blocked, id=18568, stack(0x00007f2a15a9f000,0x00007f2a15ba0000)]
  0x00007f2a30087800 JavaThread "Finalizer" daemon [_thread_blocked, id=18567, stack(0x00007f2a15ba0000,0x00007f2a15ca1000)]
  0x00007f2a30083000 JavaThread "Reference Handler" daemon [_thread_blocked, id=18566, stack(0x00007f2a15ca1000,0x00007f2a15da2000)]
  0x00007f2a3000d800 JavaThread "main" [_thread_blocked, id=18560, stack(0x00007f2a37932000,0x00007f2a37a33000)]

Other Threads:
  0x00007f2a3007b800 VMThread [stack: 0x00007f2a15da2000,0x00007f2a15ea3000] [id=18565]
  0x00007f2a300df000 WatcherThread [stack: 0x00007f2a15093000,0x00007f2a15194000] [id=18578]

VM state:not at safepoint (normal execution)

VM Mutex/Monitor currently owned by a thread: None

Heap:
 PSYoungGen      total 74752K, used 3870K [0x000000076d100000, 0x0000000772400000, 0x00000007c0000000)
  eden space 64512K, 6% used [0x000000076d100000,0x000000076d4c7b10,0x0000000771000000)
  from space 10240K, 0% used [0x0000000771a00000,0x0000000771a00000,0x0000000772400000)
  to   space 10240K, 0% used [0x0000000771000000,0x0000000771000000,0x0000000771a00000)
 ParOldGen       total 171008K, used 0K [0x00000006c7200000, 0x00000006d1900000, 0x000000076d100000)
  object space 171008K, 0% used [0x00000006c7200000,0x00000006c7200000,0x00000006d1900000)
 Metaspace       used 2785K, capacity 4630K, committed 4864K, reserved 1056768K
  class space    used 292K, capacity 390K, committed 512K, reserved 1048576K

Card table byte_map: [0x00007f2a20478000,0x00007f2a20c40000] byte_map_base: 0x00007f2a1ce3f000

Marking Bits: (ParMarkBitMap*) 0x00007f2a36e13100
 Begin Bits: [0x00007f2a17fd5000, 0x00007f2a1be0d000)
 End Bits:   [0x00007f2a1be0d000, 0x00007f2a1fc45000)

Polling page: 0x00007f2a37a61000

CodeCache: size=245760Kb used=1104Kb max_used=1104Kb free=244655Kb
 bounds [0x00007f2a21000000, 0x00007f2a21270000, 0x00007f2a30000000]
 total_blobs=253 nmethods=30 adapters=145
 compilation: enabled

Compilation events (10 events):
Event: 0.119 Thread 0x00007f2a300d0800   26       1       java.lang.Object::<init> (1 bytes)
Event: 0.119 Thread 0x00007f2a300d0800 nmethod 26 0x00007f2a21112850 code [0x00007f2a211129a0, 0x00007f2a21112ab0]
Event: 0.119 Thread 0x00007f2a300d0800   27       3       java.util.HashMap::hash (20 bytes)
Event: 0.119 Thread 0x00007f2a300d0800 nmethod 27 0x00007f2a21112b10 code [0x00007f2a21112c80, 0x00007f2a21112ee8]
Event: 0.120 Thread 0x00007f2a300d0800   28       3       java.lang.AbstractStringBuilder::ensureCapacityInternal (16 bytes)
Event: 0.121 Thread 0x00007f2a300d0800 nmethod 28 0x00007f2a21113710 code [0x00007f2a21113880, 0x00007f2a21113ae8]
Event: 0.121 Thread 0x00007f2a300d0800   29       1       java.net.URL::getPath (5 bytes)
Event: 0.121 Thread 0x00007f2a300d0800 nmethod 29 0x00007f2a21113bd0 code [0x00007f2a21113d20, 0x00007f2a21113e30]
Event: 0.123 Thread 0x00007f2a300d0800   30       1       java.net.URL::getAuthority (5 bytes)
Event: 0.123 Thread 0x00007f2a300d0800 nmethod 30 0x00007f2a21113e90 code [0x00007f2a21113fe0, 0x00007f2a211140f0]

GC Heap History (0 events):
No events

Deoptimization events (0 events):
No events

Internal exceptions (2 events):
Event: 0.033 Thread 0x00007f2a3000d800 Exception <a 'java/lang/NoSuchMethodError': Method sun.misc.Unsafe.defineClass(Ljava/lang/String;[BII)Ljava/lang/Class; name or signature does not match> (0x000000076d107cc0) thrown at [/HUDSON/workspace/8-2-build-linux-amd64/jdk8u77/6540/hotspot/src/shar
Event: 0.033 Thread 0x00007f2a3000d800 Exception <a 'java/lang/NoSuchMethodError': Method sun.misc.Unsafe.prefetchRead(Ljava/lang/Object;J)V name or signature does not match> (0x000000076d107fa8) thrown at [/HUDSON/workspace/8-2-build-linux-amd64/jdk8u77/6540/hotspot/src/share/vm/prims/jni.cpp

Events (10 events):
Event: 3858.232 Executing VM operation: ChangeBreakpoints
Event: 3858.232 Executing VM operation: ChangeBreakpoints done
Event: 3858.232 Executing VM operation: ChangeBreakpoints
Event: 3858.232 Executing VM operation: ChangeBreakpoints done
Event: 3858.232 Executing VM operation: ChangeBreakpoints
Event: 3858.232 Executing VM operation: ChangeBreakpoints done
Event: 3858.233 Executing VM operation: RedefineClasses
Event: 3858.234 Executing VM operation: RedefineClasses done
Event: 3858.234 Executing VM operation: GetOrSetLocal
Event: 3858.234 Executing VM operation: GetOrSetLocal done


Dynamic libraries:
00400000-00401000 r-xp 00000000 08:16 393787                             /opt/jdk1.8.0_77/bin/java
00600000-00601000 rw-p 00000000 08:16 393787                             /opt/jdk1.8.0_77/bin/java
00f25000-00f46000 rw-p 00000000 00:00 0                                  [heap]
6c7200000-6d1900000 rw-p 00000000 00:00 0 
6d1900000-76d100000 ---p 00000000 00:00 0 
76d100000-772400000 rw-p 00000000 00:00 0 
772400000-7c0000000 ---p 00000000 00:00 0 
7c0000000-7c0080000 rw-p 00000000 00:00 0 
7c0080000-800000000 ---p 00000000 00:00 0 
7f29d0000000-7f29d0021000 rw-p 00000000 00:00 0 
7f29d0021000-7f29d4000000 ---p 00000000 00:00 0 
7f29d8000000-7f29d8021000 rw-p 00000000 00:00 0 
7f29d8021000-7f29dc000000 ---p 00000000 00:00 0 
7f29dc000000-7f29dc021000 rw-p 00000000 00:00 0 
7f29dc021000-7f29e0000000 ---p 00000000 00:00 0 
7f29e0000000-7f29e0021000 rw-p 00000000 00:00 0 
7f29e0021000-7f29e4000000 ---p 00000000 00:00 0 
7f29e4000000-7f29e405d000 rw-p 00000000 00:00 0 
7f29e405d000-7f29e8000000 ---p 00000000 00:00 0 
7f29e8000000-7f29e8021000 rw-p 00000000 00:00 0 
7f29e8021000-7f29ec000000 ---p 00000000 00:00 0 
7f29ec000000-7f29ec021000 rw-p 00000000 00:00 0 
7f29ec021000-7f29f0000000 ---p 00000000 00:00 0 
7f29f0000000-7f29f0021000 rw-p 00000000 00:00 0 
7f29f0021000-7f29f4000000 ---p 00000000 00:00 0 
7f29f4000000-7f29f402c000 rw-p 00000000 00:00 0 
7f29f402c000-7f29f8000000 ---p 00000000 00:00 0 
7f29f8000000-7f29f8021000 rw-p 00000000 00:00 0 
7f29f8021000-7f29fc000000 ---p 00000000 00:00 0 
7f29fc000000-7f29fc021000 rw-p 00000000 00:00 0 
7f29fc021000-7f2a00000000 ---p 00000000 00:00 0 
7f2a00000000-7f2a00021000 rw-p 00000000 00:00 0 
7f2a00021000-7f2a04000000 ---p 00000000 00:00 0 
7f2a04000000-7f2a04021000 rw-p 00000000 00:00 0 
7f2a04021000-7f2a08000000 ---p 00000000 00:00 0 
7f2a08000000-7f2a08021000 rw-p 00000000 00:00 0 
7f2a08021000-7f2a0c000000 ---p 00000000 00:00 0 
7f2a0c000000-7f2a0c021000 rw-p 00000000 00:00 0 
7f2a0c021000-7f2a10000000 ---p 00000000 00:00 0 
7f2a10000000-7f2a10021000 rw-p 00000000 00:00 0 
7f2a10021000-7f2a14000000 ---p 00000000 00:00 0 
7f2a14dd4000-7f2a15059000 rw-p 00000000 00:00 0 
7f2a15059000-7f2a1506b000 r--s 00345000 08:16 394219                     /opt/jdk1.8.0_77/jre/lib/resources.jar
7f2a1506b000-7f2a1507e000 r--s 000d6000 08:16 393896                     /opt/jdk1.8.0_77/jre/lib/plugin.jar
7f2a1507e000-7f2a15082000 r--s 00097000 08:16 394055                     /opt/jdk1.8.0_77/jre/lib/jsse.jar
7f2a15082000-7f2a15087000 r--s 00084000 08:16 393958                     /opt/jdk1.8.0_77/jre/lib/jfr.jar
7f2a15087000-7f2a1508a000 r--s 0001a000 08:16 394191                     /opt/jdk1.8.0_77/jre/lib/jce.jar
7f2a1508a000-7f2a15093000 r--s 0006c000 08:16 394177                     /opt/jdk1.8.0_77/jre/lib/javaws.jar
7f2a15093000-7f2a15094000 ---p 00000000 00:00 0 
7f2a15094000-7f2a15194000 rw-p 00000000 00:00 0 
7f2a15194000-7f2a15197000 ---p 00000000 00:00 0 
7f2a15197000-7f2a15295000 rw-p 00000000 00:00 0 
7f2a15295000-7f2a15298000 ---p 00000000 00:00 0 
7f2a15298000-7f2a15396000 rw-p 00000000 00:00 0 
7f2a15396000-7f2a15399000 ---p 00000000 00:00 0 
7f2a15399000-7f2a15497000 rw-p 00000000 00:00 0 
7f2a15497000-7f2a1549a000 ---p 00000000 00:00 0 
7f2a1549a000-7f2a15598000 rw-p 00000000 00:00 0 
7f2a15598000-7f2a1559b000 ---p 00000000 00:00 0 
7f2a1559b000-7f2a15699000 rw-p 00000000 00:00 0 
7f2a15699000-7f2a1569c000 ---p 00000000 00:00 0 
7f2a1569c000-7f2a1579a000 rw-p 00000000 00:00 0 
7f2a1579a000-7f2a1579d000 ---p 00000000 00:00 0 
7f2a1579d000-7f2a1589b000 rw-p 00000000 00:00 0 
7f2a1589b000-7f2a1589f000 r-xp 00000000 08:16 394033                     /opt/jdk1.8.0_77/jre/lib/amd64/libdt_socket.so
7f2a1589f000-7f2a15a9e000 ---p 00004000 08:16 394033                     /opt/jdk1.8.0_77/jre/lib/amd64/libdt_socket.so
7f2a15a9e000-7f2a15a9f000 rw-p 00003000 08:16 394033                     /opt/jdk1.8.0_77/jre/lib/amd64/libdt_socket.so
7f2a15a9f000-7f2a15aa2000 ---p 00000000 00:00 0 
7f2a15aa2000-7f2a15ba0000 rw-p 00000000 00:00 0 
7f2a15ba0000-7f2a15ba3000 ---p 00000000 00:00 0 
7f2a15ba3000-7f2a15ca1000 rw-p 00000000 00:00 0 
7f2a15ca1000-7f2a15ca4000 ---p 00000000 00:00 0 
7f2a15ca4000-7f2a15da2000 rw-p 00000000 00:00 0 
7f2a15da2000-7f2a15da3000 ---p 00000000 00:00 0 
7f2a15da3000-7f2a16e36000 rw-p 00000000 00:00 0 
7f2a16e36000-7f2a1700e000 r--s 03d1e000 08:16 393913                     /opt/jdk1.8.0_77/jre/lib/rt.jar
7f2a1700e000-7f2a1744e000 rw-p 00000000 00:00 0 
7f2a1744e000-7f2a1780e000 ---p 00000000 00:00 0 
7f2a1780e000-7f2a1fc45000 rw-p 00000000 00:00 0 
7f2a1fc45000-7f2a1fc46000 ---p 00000000 00:00 0 
7f2a1fc46000-7f2a1fd46000 rw-p 00000000 00:00 0 
7f2a1fd46000-7f2a1fd47000 ---p 00000000 00:00 0 
7f2a1fd47000-7f2a1fe47000 rw-p 00000000 00:00 0 
7f2a1fe47000-7f2a1fe48000 ---p 00000000 00:00 0 
7f2a1fe48000-7f2a1ff9c000 rw-p 00000000 00:00 0 
7f2a1ff9c000-7f2a20478000 ---p 00000000 00:00 0 
7f2a20478000-7f2a204cc000 rw-p 00000000 00:00 0 
7f2a204cc000-7f2a209a7000 ---p 00000000 00:00 0 
7f2a209a7000-7f2a209d1000 rw-p 00000000 00:00 0 
7f2a209d1000-7f2a20c3f000 ---p 00000000 00:00 0 
7f2a20c3f000-7f2a20c4a000 rw-p 00000000 00:00 0 
7f2a20c4a000-7f2a21000000 ---p 00000000 00:00 0 
7f2a21000000-7f2a21270000 rwxp 00000000 00:00 0 
7f2a21270000-7f2a30000000 ---p 00000000 00:00 0 
7f2a30000000-7f2a30146000 rw-p 00000000 00:00 0 
7f2a30146000-7f2a34000000 ---p 00000000 00:00 0 
7f2a34001000-7f2a34002000 r--s 00000000 08:16 394175                     /opt/jdk1.8.0_77/jre/lib/management-agent.jar
7f2a34002000-7f2a3401d000 r--s 00208000 08:16 393898                     /opt/jdk1.8.0_77/jre/lib/deploy.jar
7f2a3401d000-7f2a340ee000 rw-p 00000000 00:00 0 
7f2a340ee000-7f2a340ef000 ---p 00000000 00:00 0 
7f2a340ef000-7f2a341ef000 rw-p 00000000 00:00 0 
7f2a341ef000-7f2a34209000 r-xp 00000000 08:16 394049                     /opt/jdk1.8.0_77/jre/lib/amd64/libzip.so
7f2a34209000-7f2a34409000 ---p 0001a000 08:16 394049                     /opt/jdk1.8.0_77/jre/lib/amd64/libzip.so
7f2a34409000-7f2a3440a000 rw-p 0001a000 08:16 394049                     /opt/jdk1.8.0_77/jre/lib/amd64/libzip.so
7f2a3440a000-7f2a34415000 r-xp 00000000 08:16 1471981                    /lib/x86_64-linux-gnu/libnss_files-2.23.so
7f2a34415000-7f2a34614000 ---p 0000b000 08:16 1471981                    /lib/x86_64-linux-gnu/libnss_files-2.23.so
7f2a34614000-7f2a34615000 r--p 0000a000 08:16 1471981                    /lib/x86_64-linux-gnu/libnss_files-2.23.so
7f2a34615000-7f2a34616000 rw-p 0000b000 08:16 1471981                    /lib/x86_64-linux-gnu/libnss_files-2.23.so
7f2a34616000-7f2a3461c000 rw-p 00000000 00:00 0 
7f2a3461c000-7f2a34627000 r-xp 00000000 08:16 1471984                    /lib/x86_64-linux-gnu/libnss_nis-2.23.so
7f2a34627000-7f2a34826000 ---p 0000b000 08:16 1471984                    /lib/x86_64-linux-gnu/libnss_nis-2.23.so
7f2a34826000-7f2a34827000 r--p 0000a000 08:16 1471984                    /lib/x86_64-linux-gnu/libnss_nis-2.23.so
7f2a34827000-7f2a34828000 rw-p 0000b000 08:16 1471984                    /lib/x86_64-linux-gnu/libnss_nis-2.23.so
7f2a34828000-7f2a3483e000 r-xp 00000000 08:16 1471977                    /lib/x86_64-linux-gnu/libnsl-2.23.so
7f2a3483e000-7f2a34a3d000 ---p 00016000 08:16 1471977                    /lib/x86_64-linux-gnu/libnsl-2.23.so
7f2a34a3d000-7f2a34a3e000 r--p 00015000 08:16 1471977                    /lib/x86_64-linux-gnu/libnsl-2.23.so
7f2a34a3e000-7f2a34a3f000 rw-p 00016000 08:16 1471977                    /lib/x86_64-linux-gnu/libnsl-2.23.so
7f2a34a3f000-7f2a34a41000 rw-p 00000000 00:00 0 
7f2a34a41000-7f2a34a49000 r-xp 00000000 08:16 1471990                    /lib/x86_64-linux-gnu/libnss_compat-2.23.so
7f2a34a49000-7f2a34c48000 ---p 00008000 08:16 1471990                    /lib/x86_64-linux-gnu/libnss_compat-2.23.so
7f2a34c48000-7f2a34c49000 r--p 00007000 08:16 1471990                    /lib/x86_64-linux-gnu/libnss_compat-2.23.so
7f2a34c49000-7f2a34c4a000 rw-p 00008000 08:16 1471990                    /lib/x86_64-linux-gnu/libnss_compat-2.23.so
7f2a34c4a000-7f2a350d5000 r--p 00000000 08:16 921905                     /usr/lib/locale/locale-archive
7f2a350d5000-7f2a350d7000 r-xp 00000000 08:16 394021                     /opt/jdk1.8.0_77/jre/lib/amd64/libnpt.so
7f2a350d7000-7f2a352d7000 ---p 00002000 08:16 394021                     /opt/jdk1.8.0_77/jre/lib/amd64/libnpt.so
7f2a352d7000-7f2a352d8000 rw-p 00002000 08:16 394021                     /opt/jdk1.8.0_77/jre/lib/amd64/libnpt.so
7f2a352d8000-7f2a35311000 r-xp 00000000 08:16 394000                     /opt/jdk1.8.0_77/jre/lib/amd64/libjdwp.so
7f2a35311000-7f2a35510000 ---p 00039000 08:16 394000                     /opt/jdk1.8.0_77/jre/lib/amd64/libjdwp.so
7f2a35510000-7f2a35512000 rw-p 00038000 08:16 394000                     /opt/jdk1.8.0_77/jre/lib/amd64/libjdwp.so
7f2a35512000-7f2a3553c000 r-xp 00000000 08:16 394005                     /opt/jdk1.8.0_77/jre/lib/amd64/libjava.so
7f2a3553c000-7f2a3573c000 ---p 0002a000 08:16 394005                     /opt/jdk1.8.0_77/jre/lib/amd64/libjava.so
7f2a3573c000-7f2a3573e000 rw-p 0002a000 08:16 394005                     /opt/jdk1.8.0_77/jre/lib/amd64/libjava.so
7f2a3573e000-7f2a3574b000 r-xp 00000000 08:16 393990                     /opt/jdk1.8.0_77/jre/lib/amd64/libverify.so
7f2a3574b000-7f2a3594b000 ---p 0000d000 08:16 393990                     /opt/jdk1.8.0_77/jre/lib/amd64/libverify.so
7f2a3594b000-7f2a3594d000 rw-p 0000d000 08:16 393990                     /opt/jdk1.8.0_77/jre/lib/amd64/libverify.so
7f2a3594d000-7f2a35954000 r-xp 00000000 08:16 1471986                    /lib/x86_64-linux-gnu/librt-2.23.so
7f2a35954000-7f2a35b53000 ---p 00007000 08:16 1471986                    /lib/x86_64-linux-gnu/librt-2.23.so
7f2a35b53000-7f2a35b54000 r--p 00006000 08:16 1471986                    /lib/x86_64-linux-gnu/librt-2.23.so
7f2a35b54000-7f2a35b55000 rw-p 00007000 08:16 1471986                    /lib/x86_64-linux-gnu/librt-2.23.so
7f2a35b55000-7f2a35c5d000 r-xp 00000000 08:16 1471995                    /lib/x86_64-linux-gnu/libm-2.23.so
7f2a35c5d000-7f2a35e5c000 ---p 00108000 08:16 1471995                    /lib/x86_64-linux-gnu/libm-2.23.so
7f2a35e5c000-7f2a35e5d000 r--p 00107000 08:16 1471995                    /lib/x86_64-linux-gnu/libm-2.23.so
7f2a35e5d000-7f2a35e5e000 rw-p 00108000 08:16 1471995                    /lib/x86_64-linux-gnu/libm-2.23.so
7f2a35e5e000-7f2a36b1d000 r-xp 00000000 08:16 394018                     /opt/jdk1.8.0_77/jre/lib/amd64/server/libjvm.so
7f2a36b1d000-7f2a36d1c000 ---p 00cbf000 08:16 394018                     /opt/jdk1.8.0_77/jre/lib/amd64/server/libjvm.so
7f2a36d1c000-7f2a36df5000 rw-p 00cbe000 08:16 394018                     /opt/jdk1.8.0_77/jre/lib/amd64/server/libjvm.so
7f2a36df5000-7f2a36e3e000 rw-p 00000000 00:00 0 
7f2a36e3e000-7f2a36ffe000 r-xp 00000000 08:16 1472000                    /lib/x86_64-linux-gnu/libc-2.23.so
7f2a36ffe000-7f2a371fe000 ---p 001c0000 08:16 1472000                    /lib/x86_64-linux-gnu/libc-2.23.so
7f2a371fe000-7f2a37202000 r--p 001c0000 08:16 1472000                    /lib/x86_64-linux-gnu/libc-2.23.so
7f2a37202000-7f2a37204000 rw-p 001c4000 08:16 1472000                    /lib/x86_64-linux-gnu/libc-2.23.so
7f2a37204000-7f2a37208000 rw-p 00000000 00:00 0 
7f2a37208000-7f2a3720b000 r-xp 00000000 08:16 1471989                    /lib/x86_64-linux-gnu/libdl-2.23.so
7f2a3720b000-7f2a3740a000 ---p 00003000 08:16 1471989                    /lib/x86_64-linux-gnu/libdl-2.23.so
7f2a3740a000-7f2a3740b000 r--p 00002000 08:16 1471989                    /lib/x86_64-linux-gnu/libdl-2.23.so
7f2a3740b000-7f2a3740c000 rw-p 00003000 08:16 1471989                    /lib/x86_64-linux-gnu/libdl-2.23.so
7f2a3740c000-7f2a37421000 r-xp 00000000 08:16 394888                     /opt/jdk1.8.0_77/lib/amd64/jli/libjli.so
7f2a37421000-7f2a37621000 ---p 00015000 08:16 394888                     /opt/jdk1.8.0_77/lib/amd64/jli/libjli.so
7f2a37621000-7f2a37622000 rw-p 00015000 08:16 394888                     /opt/jdk1.8.0_77/lib/amd64/jli/libjli.so
7f2a37622000-7f2a3763a000 r-xp 00000000 08:16 1471983                    /lib/x86_64-linux-gnu/libpthread-2.23.so
7f2a3763a000-7f2a37839000 ---p 00018000 08:16 1471983                    /lib/x86_64-linux-gnu/libpthread-2.23.so
7f2a37839000-7f2a3783a000 r--p 00017000 08:16 1471983                    /lib/x86_64-linux-gnu/libpthread-2.23.so
7f2a3783a000-7f2a3783b000 rw-p 00018000 08:16 1471983                    /lib/x86_64-linux-gnu/libpthread-2.23.so
7f2a3783b000-7f2a3783f000 rw-p 00000000 00:00 0 
7f2a3783f000-7f2a37865000 r-xp 00000000 08:16 1471978                    /lib/x86_64-linux-gnu/ld-2.23.so
7f2a37865000-7f2a37867000 r--s 00007000 08:16 394202                     /opt/jdk1.8.0_77/jre/lib/jfxswt.jar
7f2a37867000-7f2a3786d000 r--s 002f8000 08:16 394186                     /opt/jdk1.8.0_77/jre/lib/charsets.jar
7f2a3786d000-7f2a37932000 rw-p 00000000 00:00 0 
7f2a37932000-7f2a37935000 ---p 00000000 00:00 0 
7f2a37935000-7f2a37a58000 rw-p 00000000 00:00 0 
7f2a37a58000-7f2a37a60000 rw-s 00000000 08:16 415502                     /tmp/hsperfdata_jason/18559
7f2a37a60000-7f2a37a61000 rw-p 00000000 00:00 0 
7f2a37a61000-7f2a37a62000 r--p 00000000 00:00 0 
7f2a37a62000-7f2a37a64000 rw-p 00000000 00:00 0 
7f2a37a64000-7f2a37a65000 r--p 00025000 08:16 1471978                    /lib/x86_64-linux-gnu/ld-2.23.so
7f2a37a65000-7f2a37a66000 rw-p 00026000 08:16 1471978                    /lib/x86_64-linux-gnu/ld-2.23.so
7f2a37a66000-7f2a37a67000 rw-p 00000000 00:00 0 
7ffd516a4000-7ffd516c6000 rw-p 00000000 00:00 0                          [stack]
7ffd51737000-7ffd51739000 r--p 00000000 00:00 0                          [vvar]
7ffd51739000-7ffd5173b000 r-xp 00000000 00:00 0                          [vdso]
ffffffffff600000-ffffffffff601000 r-xp 00000000 00:00 0                  [vsyscall]

VM Arguments:
jvm_args: -agentlib:jdwp=transport=dt_socket,address=127.0.0.1:38940,suspend=y,server=n -Dvisualvm.id=22263329506600 -Dfile.encoding=UTF-8 
java_command: cn.lee.hackerrank.hour25.The_Strange_Function.Solution
java_class_path (initial): /opt/jdk1.8.0_77/jre/lib/charsets.jar:/opt/jdk1.8.0_77/jre/lib/deploy.jar:/opt/jdk1.8.0_77/jre/lib/ext/cldrdata.jar:/opt/jdk1.8.0_77/jre/lib/ext/dnsns.jar:/opt/jdk1.8.0_77/jre/lib/ext/jaccess.jar:/opt/jdk1.8.0_77/jre/lib/ext/jfxrt.jar:/opt/jdk1.8.0_77/jre/lib/ext/localedata.jar:/opt/jdk1.8.0_77/jre/lib/ext/nashorn.jar:/opt/jdk1.8.0_77/jre/lib/ext/sunec.jar:/opt/jdk1.8.0_77/jre/lib/ext/sunjce_provider.jar:/opt/jdk1.8.0_77/jre/lib/ext/sunpkcs11.jar:/opt/jdk1.8.0_77/jre/lib/ext/zipfs.jar:/opt/jdk1.8.0_77/jre/lib/javaws.jar:/opt/jdk1.8.0_77/jre/lib/jce.jar:/opt/jdk1.8.0_77/jre/lib/jfr.jar:/opt/jdk1.8.0_77/jre/lib/jfxswt.jar:/opt/jdk1.8.0_77/jre/lib/jsse.jar:/opt/jdk1.8.0_77/jre/lib/management-agent.jar:/opt/jdk1.8.0_77/jre/lib/plugin.jar:/opt/jdk1.8.0_77/jre/lib/resources.jar:/opt/jdk1.8.0_77/jre/lib/rt.jar:/home/jason/workbench/source-code/git/github/code-challenge/target/classes:/home/jason/workbench/tools/repo/org/apache/commons/commons-math3/3.6.1/commons-math3-3.6.1.jar:/home/jason/software/installed/idea-IU-145.258.11/lib/idea_rt.jar
Launcher Type: SUN_STANDARD

Environment Variables:
JAVA_HOME=/opt/jdk/
CLASSPATH=/home/jason/software/installed/idea-IU-145.258.11/bin/../lib/bootstrap.jar:/home/jason/software/installed/idea-IU-145.258.11/bin/../lib/extensions.jar:/home/jason/software/installed/idea-IU-145.258.11/bin/../lib/util.jar:/home/jason/software/installed/idea-IU-145.258.11/bin/../lib/jdom.jar:/home/jason/software/installed/idea-IU-145.258.11/bin/../lib/log4j.jar:/home/jason/software/installed/idea-IU-145.258.11/bin/../lib/trove4j.jar:/home/jason/software/installed/idea-IU-145.258.11/bin/../lib/jna.jar:/home/jason/software/installed/idea-IU-145.258.11/bin/../jre/lib/tools.jar
PATH=/usr/local/sbin:/usr/local/bin:/usr/sbin:/usr/bin:/sbin:/bin:/usr/games:/usr/local/games:/snap/bin:/opt/jdk//bin:/opt/maven//bin::/opt/subversion/bin:/opt/navicat111_premium_cs:/home/jason/software/installed/myeclipse2014:/opt/groovy//bin:/opt/gradle/bin::/home/jason/software/installed/linux-unpacked
LD_LIBRARY_PATH=/home/jason/software/installed/idea-IU-145.258.11/bin:
SHELL=/bin/bash
DISPLAY=:0

Signal Handlers:
SIGSEGV: [libjvm.so+0xabb070], sa_mask[0]=11111111011111111101111111111110, sa_flags=SA_RESTART|SA_SIGINFO
SIGBUS: [libjvm.so+0xabb070], sa_mask[0]=11111111011111111101111111111110, sa_flags=SA_RESTART|SA_SIGINFO
SIGFPE: [libjvm.so+0x918480], sa_mask[0]=11111111011111111101111111111110, sa_flags=SA_RESTART|SA_SIGINFO
SIGPIPE: [libjvm.so+0x918480], sa_mask[0]=11111111011111111101111111111110, sa_flags=SA_RESTART|SA_SIGINFO
SIGXFSZ: [libjvm.so+0x918480], sa_mask[0]=11111111011111111101111111111110, sa_flags=SA_RESTART|SA_SIGINFO
SIGILL: [libjvm.so+0x918480], sa_mask[0]=11111111011111111101111111111110, sa_flags=SA_RESTART|SA_SIGINFO
SIGUSR1: SIG_DFL, sa_mask[0]=00000000000000000000000000000000, sa_flags=none
SIGUSR2: [libjvm.so+0x919ab0], sa_mask[0]=00100000000000000000000000000000, sa_flags=SA_RESTART|SA_SIGINFO
SIGHUP: [libjvm.so+0x91aeb0], sa_mask[0]=11111111011111111101111111111110, sa_flags=SA_RESTART|SA_SIGINFO
SIGINT: SIG_IGN, sa_mask[0]=00000000000000000000000000000000, sa_flags=none
SIGTERM: [libjvm.so+0x91aeb0], sa_mask[0]=11111111011111111101111111111110, sa_flags=SA_RESTART|SA_SIGINFO
SIGQUIT: [libjvm.so+0x91aeb0], sa_mask[0]=11111111011111111101111111111110, sa_flags=SA_RESTART|SA_SIGINFO


---------------  S Y S T E M  ---------------

OS:DISTRIB_ID=Ubuntu
DISTRIB_RELEASE=16.04
DISTRIB_CODENAME=xenial
DISTRIB_DESCRIPTION="Ubuntu 16.04.1 LTS"

uname:Linux 4.4.0-104-generic #127-Ubuntu SMP Mon Dec 11 12:16:42 UTC 2017 x86_64
libc:glibc 2.23 NPTL 2.23 
rlimit: STACK 8192k, CORE 0k, NPROC 63227, NOFILE 65536, AS infinity
load average:1.20 0.88 1.29

/proc/meminfo:
MemTotal:       16308972 kB
MemFree:         1199016 kB
MemAvailable:    5532592 kB
Buffers:          877372 kB
Cached:          4080416 kB
SwapCached:            4 kB
Active:         10345020 kB
Inactive:        3667344 kB
Active(anon):    8461184 kB
Inactive(anon):  1637704 kB
Active(file):    1883836 kB
Inactive(file):  2029640 kB
Unevictable:          32 kB
Mlocked:              32 kB
SwapTotal:      15625212 kB
SwapFree:       15625204 kB
Dirty:              4128 kB
Writeback:             0 kB
AnonPages:       9054608 kB
Mapped:          1504112 kB
Shmem:           1044308 kB
Slab:             843112 kB
SReclaimable:     759308 kB
SUnreclaim:        83804 kB
KernelStack:       24512 kB
PageTables:       111280 kB
NFS_Unstable:          0 kB
Bounce:                0 kB
WritebackTmp:          0 kB
CommitLimit:    23779696 kB
Committed_AS:   29470576 kB
VmallocTotal:   34359738367 kB
VmallocUsed:           0 kB
VmallocChunk:          0 kB
HardwareCorrupted:     0 kB
AnonHugePages:   4253696 kB
CmaTotal:              0 kB
CmaFree:               0 kB
HugePages_Total:       0
HugePages_Free:        0
HugePages_Rsvd:        0
HugePages_Surp:        0
Hugepagesize:       2048 kB
DirectMap4k:      407340 kB
DirectMap2M:    14149632 kB
DirectMap1G:     3145728 kB


CPU:total 4 (2 cores per cpu, 2 threads per core) family 6 model 61 stepping 4, cmov, cx8, fxsr, mmx, sse, sse2, sse3, ssse3, sse4.1, sse4.2, popcnt, avx, avx2, aes, clmul, erms, 3dnowpref, lzcnt, ht, tsc, tscinvbit, bmi1, bmi2, adx

/proc/cpuinfo:
processor	: 0
vendor_id	: GenuineIntel
cpu family	: 6
model		: 61
model name	: Intel(R) Core(TM) i7-5500U CPU @ 2.40GHz
stepping	: 4
microcode	: 0x21
cpu MHz		: 2899.968
cache size	: 4096 KB
physical id	: 0
siblings	: 4
core id		: 0
cpu cores	: 2
apicid		: 0
initial apicid	: 0
fpu		: yes
fpu_exception	: yes
cpuid level	: 20
wp		: yes
flags		: fpu vme de pse tsc msr pae mce cx8 apic sep mtrr pge mca cmov pat pse36 clflush dts acpi mmx fxsr sse sse2 ss ht tm pbe syscall nx pdpe1gb rdtscp lm constant_tsc arch_perfmon pebs bts rep_good nopl xtopology nonstop_tsc aperfmperf eagerfpu pni pclmulqdq dtes64 monitor ds_cpl vmx est tm2 ssse3 sdbg fma cx16 xtpr pdcm pcid sse4_1 sse4_2 x2apic movbe popcnt tsc_deadline_timer aes xsave avx f16c rdrand lahf_lm abm 3dnowprefetch epb intel_pt tpr_shadow vnmi flexpriority ept vpid fsgsbase tsc_adjust bmi1 avx2 smep bmi2 erms invpcid rdseed adx smap xsaveopt dtherm ida arat pln pts
bugs		:
bogomips	: 4789.22
clflush size	: 64
cache_alignment	: 64
address sizes	: 39 bits physical, 48 bits virtual
power management:

processor	: 1
vendor_id	: GenuineIntel
cpu family	: 6
model		: 61
model name	: Intel(R) Core(TM) i7-5500U CPU @ 2.40GHz
stepping	: 4
microcode	: 0x21
cpu MHz		: 2899.968
cache size	: 4096 KB
physical id	: 0
siblings	: 4
core id		: 0
cpu cores	: 2
apicid		: 1
initial apicid	: 1
fpu		: yes
fpu_exception	: yes
cpuid level	: 20
wp		: yes
flags		: fpu vme de pse tsc msr pae mce cx8 apic sep mtrr pge mca cmov pat pse36 clflush dts acpi mmx fxsr sse sse2 ss ht tm pbe syscall nx pdpe1gb rdtscp lm constant_tsc arch_perfmon pebs bts rep_good nopl xtopology nonstop_tsc aperfmperf eagerfpu pni pclmulqdq dtes64 monitor ds_cpl vmx est tm2 ssse3 sdbg fma cx16 xtpr pdcm pcid sse4_1 sse4_2 x2apic movbe popcnt tsc_deadline_timer aes xsave avx f16c rdrand lahf_lm abm 3dnowprefetch epb intel_pt tpr_shadow vnmi flexpriority ept vpid fsgsbase tsc_adjust bmi1 avx2 smep bmi2 erms invpcid rdseed adx smap xsaveopt dtherm ida arat pln pts
bugs		:
bogomips	: 4789.22
clflush size	: 64
cache_alignment	: 64
address sizes	: 39 bits physical, 48 bits virtual
power management:

processor	: 2
vendor_id	: GenuineIntel
cpu family	: 6
model		: 61
model name	: Intel(R) Core(TM) i7-5500U CPU @ 2.40GHz
stepping	: 4
microcode	: 0x21
cpu MHz		: 2899.968
cache size	: 4096 KB
physical id	: 0
siblings	: 4
core id		: 1
cpu cores	: 2
apicid		: 2
initial apicid	: 2
fpu		: yes
fpu_exception	: yes
cpuid level	: 20
wp		: yes
flags		: fpu vme de pse tsc msr pae mce cx8 apic sep mtrr pge mca cmov pat pse36 clflush dts acpi mmx fxsr sse sse2 ss ht tm pbe syscall nx pdpe1gb rdtscp lm constant_tsc arch_perfmon pebs bts rep_good nopl xtopology nonstop_tsc aperfmperf eagerfpu pni pclmulqdq dtes64 monitor ds_cpl vmx est tm2 ssse3 sdbg fma cx16 xtpr pdcm pcid sse4_1 sse4_2 x2apic movbe popcnt tsc_deadline_timer aes xsave avx f16c rdrand lahf_lm abm 3dnowprefetch epb intel_pt tpr_shadow vnmi flexpriority ept vpid fsgsbase tsc_adjust bmi1 avx2 smep bmi2 erms invpcid rdseed adx smap xsaveopt dtherm ida arat pln pts
bugs		:
bogomips	: 4789.22
clflush size	: 64
cache_alignment	: 64
address sizes	: 39 bits physical, 48 bits virtual
power management:

processor	: 3
vendor_id	: GenuineIntel
cpu family	: 6
model		: 61
model name	: Intel(R) Core(TM) i7-5500U CPU @ 2.40GHz
stepping	: 4
microcode	: 0x21
cpu MHz		: 2899.968
cache size	: 4096 KB
physical id	: 0
siblings	: 4
core id		: 1
cpu cores	: 2
apicid		: 3
initial apicid	: 3
fpu		: yes
fpu_exception	: yes
cpuid level	: 20
wp		: yes
flags		: fpu vme de pse tsc msr pae mce cx8 apic sep mtrr pge mca cmov pat pse36 clflush dts acpi mmx fxsr sse sse2 ss ht tm pbe syscall nx pdpe1gb rdtscp lm constant_tsc arch_perfmon pebs bts rep_good nopl xtopology nonstop_tsc aperfmperf eagerfpu pni pclmulqdq dtes64 monitor ds_cpl vmx est tm2 ssse3 sdbg fma cx16 xtpr pdcm pcid sse4_1 sse4_2 x2apic movbe popcnt tsc_deadline_timer aes xsave avx f16c rdrand lahf_lm abm 3dnowprefetch epb intel_pt tpr_shadow vnmi flexpriority ept vpid fsgsbase tsc_adjust bmi1 avx2 smep bmi2 erms invpcid rdseed adx smap xsaveopt dtherm ida arat pln pts
bugs		:
bogomips	: 4789.22
clflush size	: 64
cache_alignment	: 64
address sizes	: 39 bits physical, 48 bits virtual
power management:



Memory: 4k page, physical 16308972k(1199016k free), swap 15625212k(15625204k free)

vm_info: Java HotSpot(TM) 64-Bit Server VM (25.77-b03) for linux-amd64 JRE (1.8.0_77-b03), built on Mar 20 2016 22:00:46 by "java_re" with gcc 4.3.0 20080428 (Red Hat 4.3.0-8)

time: Wed Jan  3 16:17:52 2018
elapsed time: 3858 seconds (0d 1h 4m 18s)

